<?xml version="1.0" encoding="UTF-8"?>
<!-- Generated by org.testng.reporters.JUnitXMLReporter -->
<testsuite ignored="0" hostname="4G2KQV2" failures="0" tests="4" name="Default test" time="5.69" errors="0" timestamp="2024-04-01T19:00:19 CEST">
  <testcase classname="ExerciseTen" name="LoginWithCorrectUsernameAndIncorrectPassword" time="0.812"/>
  <testcase classname="ExerciseTen" name="LoginWithCorrectUsernameAndPassword" time="0.65"/>
  <testcase classname="ExerciseTen" name="LoginWithEmptyUsernameAndPassword" time="0.672"/>
  <testcase classname="ExerciseTen" name="LoginWithIncorrectUsername" time="0.556"/>
</testsuite> <!-- Default test -->
