<?xml version="1.0" encoding="UTF-8"?>
<!-- Generated by org.testng.reporters.JUnitXMLReporter -->
<testsuite ignored="0" hostname="4G2KQV2" failures="0" tests="4" name="Ex10" time="3.661" errors="0" timestamp="2024-04-15T19:17:34 CEST">
  <testcase classname="ExerciseTen" name="LoginWithCorrectUsernameAndIncorrectPassword" time="0.388"/>
  <testcase classname="ExerciseTen" name="LoginWithCorrectUsernameAndPassword" time="0.306"/>
  <testcase classname="ExerciseTen" name="LoginWithEmptyUsernameAndPassword" time="0.264"/>
  <testcase classname="ExerciseTen" name="LoginWithIncorrectUsername" time="0.282"/>
</testsuite> <!-- Ex10 -->
