<?xml version="1.0" encoding="UTF-8"?>
<!-- Generated by org.testng.reporters.JUnitXMLReporter -->
<testsuite ignored="2" hostname="4G2KQV2" failures="0" tests="1" name="JavascriptExercise" time="4.032" errors="0" timestamp="2024-04-21T18:35:50 CEST">
  <testcase classname="AdvancedExercises" name="TestUsingImageRecognition" time="0.907"/>
  <testcase classname="AdvancedExercises" name="TestUsingJavascriptFunction" time="0.0">
    <ignored/>
  </testcase> <!-- TestUsingJavascriptFunction -->
  <testcase classname="AdvancedExercises" name="TestUsingCustomExpectedCondition" time="0.0">
    <ignored/>
  </testcase> <!-- TestUsingCustomExpectedCondition -->
</testsuite> <!-- JavascriptExercise -->
