<?xml version="1.0" encoding="UTF-8"?>
<!-- Generated by org.testng.reporters.JUnitXMLReporter -->
<testsuite ignored="0" hostname="4G2KQV2" failures="0" tests="4" name="Test" time="5.684" errors="0" timestamp="2024-04-01T19:06:28 CEST">
  <testcase classname="ExerciseTen" name="LoginWithCorrectUsernameAndIncorrectPassword" time="0.762"/>
  <testcase classname="ExerciseTen" name="LoginWithCorrectUsernameAndPassword" time="0.65"/>
  <testcase classname="ExerciseTen" name="LoginWithEmptyUsernameAndPassword" time="0.62"/>
  <testcase classname="ExerciseTen" name="LoginWithIncorrectUsername" time="0.615"/>
</testsuite> <!-- Test -->
