<?xml version="1.0" encoding="UTF-8"?>
<!-- Generated by org.testng.reporters.JUnitXMLReporter -->
<testsuite ignored="0" hostname="4G2KQV2" failures="0" tests="4" name="Test" time="3.384" errors="0" timestamp="2024-04-15T19:00:26 CEST">
  <testcase classname="ExerciseTen" name="LoginWithCorrectUsernameAndIncorrectPassword" time="0.388"/>
  <testcase classname="ExerciseTen" name="LoginWithCorrectUsernameAndPassword" time="0.283"/>
  <testcase classname="ExerciseTen" name="LoginWithEmptyUsernameAndPassword" time="0.262"/>
  <testcase classname="ExerciseTen" name="LoginWithIncorrectUsername" time="0.265"/>
</testsuite> <!-- Test -->
