<?xml version="1.0" encoding="UTF-8"?>
<testng-results ignored="1" total="2" passed="0" failed="1" skipped="0">
  <reporter-output>
  </reporter-output>
  <suite started-at="2024-04-21T18:26:26 CEST" name="Suite" finished-at="2024-04-21T18:26:31 CEST" duration-ms="5472">
    <groups>
    </groups>
    <test started-at="2024-04-21T18:26:26 CEST" name="JavascriptExercise" finished-at="2024-04-21T18:26:31 CEST" duration-ms="5472">
      <class name="AdvancedExercises">
        <test-method is-config="true" signature="setup()[pri:0, instance:AdvancedExercises@6e0f5f7f]" started-at="2024-04-21T18:26:26 CEST" name="setup" finished-at="2024-04-21T18:26:28 CEST" duration-ms="2534" status="PASS">
          <reporter-output>
          </reporter-output>
        </test-method> <!-- setup -->
        <test-method is-config="true" signature="initializePage()[pri:0, instance:AdvancedExercises@6e0f5f7f]" started-at="2024-04-21T18:26:28 CEST" name="initializePage" finished-at="2024-04-21T18:26:28 CEST" duration-ms="111" status="PASS">
          <reporter-output>
          </reporter-output>
        </test-method> <!-- initializePage -->
        <test-method signature="TestUsingCustomExpectedCondition()[pri:0, instance:AdvancedExercises@6e0f5f7f]" started-at="2024-04-21T18:26:28 CEST" name="TestUsingCustomExpectedCondition" finished-at="2024-04-21T18:26:31 CEST" duration-ms="2768" status="FAIL">
          <exception class="java.lang.NullPointerException">
            <message>
              <![CDATA[Cannot invoke "org.openqa.selenium.WebElement.isDisplayed()" because "this.divMyConnections" is null]]>
            </message>
            <full-stacktrace>
              <![CDATA[java.lang.NullPointerException: Cannot invoke "org.openqa.selenium.WebElement.isDisplayed()" because "this.divMyConnections" is null
at Helper.ChildAvailable.apply(ChildAvailable.java:27)
at Helper.ChildAvailable.apply(ChildAvailable.java:1)
at org.openqa.selenium.support.ui.FluentWait.until(FluentWait.java:203)
at AdvancedExercises.TestUsingCustomExpectedCondition(AdvancedExercises.java:95)
at java.base/jdk.internal.reflect.NativeMethodAccessorImpl.invoke0(Native Method)
at java.base/jdk.internal.reflect.NativeMethodAccessorImpl.invoke(NativeMethodAccessorImpl.java:77)
at java.base/jdk.internal.reflect.DelegatingMethodAccessorImpl.invoke(DelegatingMethodAccessorImpl.java:43)
at java.base/java.lang.reflect.Method.invoke(Method.java:568)
at org.testng.internal.MethodInvocationHelper.invokeMethod(MethodInvocationHelper.java:133)
at org.testng.internal.TestInvoker.invokeMethod(TestInvoker.java:598)
at org.testng.internal.TestInvoker.invokeTestMethod(TestInvoker.java:173)
at org.testng.internal.MethodRunner.runInSequence(MethodRunner.java:46)
at org.testng.internal.TestInvoker$MethodInvocationAgent.invoke(TestInvoker.java:824)
at org.testng.internal.TestInvoker.invokeTestMethods(TestInvoker.java:146)
at org.testng.internal.TestMethodWorker.invokeTestMethods(TestMethodWorker.java:146)
at org.testng.internal.TestMethodWorker.run(TestMethodWorker.java:128)
at java.base/java.util.ArrayList.forEach(ArrayList.java:1511)
at org.testng.TestRunner.privateRun(TestRunner.java:794)
at org.testng.TestRunner.run(TestRunner.java:596)
at org.testng.SuiteRunner.runTest(SuiteRunner.java:377)
at org.testng.SuiteRunner.runSequentially(SuiteRunner.java:371)
at org.testng.SuiteRunner.privateRun(SuiteRunner.java:332)
at org.testng.SuiteRunner.run(SuiteRunner.java:276)
at org.testng.SuiteRunnerWorker.runSuite(SuiteRunnerWorker.java:53)
at org.testng.SuiteRunnerWorker.run(SuiteRunnerWorker.java:96)
at org.testng.TestNG.runSuitesSequentially(TestNG.java:1212)
at org.testng.TestNG.runSuitesLocally(TestNG.java:1134)
at org.testng.TestNG.runSuites(TestNG.java:1063)
at org.testng.TestNG.run(TestNG.java:1031)
at org.testng.remote.AbstractRemoteTestNG.run(AbstractRemoteTestNG.java:115)
at org.testng.remote.RemoteTestNG.initAndRun(RemoteTestNG.java:251)
at org.testng.remote.RemoteTestNG.main(RemoteTestNG.java:77)
]]>
            </full-stacktrace>
          </exception> <!-- java.lang.NullPointerException -->
          <reporter-output>
          </reporter-output>
        </test-method> <!-- TestUsingCustomExpectedCondition -->
      </class> <!-- AdvancedExercises -->
    </test> <!-- JavascriptExercise -->
  </suite> <!-- Suite -->
</testng-results>
