<?xml version="1.0" encoding="UTF-8"?>
<testng-results ignored="0" total="1" passed="1" failed="0" skipped="0">
  <reporter-output>
  </reporter-output>
  <suite started-at="2024-04-15T20:23:04 CEST" name="Suite" finished-at="2024-04-15T20:23:08 CEST" duration-ms="4009">
    <groups>
    </groups>
    <test started-at="2024-04-15T20:23:04 CEST" name="JavascriptExercise" finished-at="2024-04-15T20:23:08 CEST" duration-ms="4009">
      <class name="AdvancedExercises">
        <test-method is-config="true" signature="setup()[pri:0, instance:AdvancedExercises@5a56cdac]" started-at="2024-04-15T20:23:04 CEST" name="setup" finished-at="2024-04-15T20:23:07 CEST" duration-ms="2897" status="PASS">
          <reporter-output>
          </reporter-output>
        </test-method> <!-- setup -->
        <test-method is-config="true" signature="initializePage()[pri:0, instance:AdvancedExercises@5a56cdac]" started-at="2024-04-15T20:23:07 CEST" name="initializePage" finished-at="2024-04-15T20:23:07 CEST" duration-ms="66" status="PASS">
          <reporter-output>
          </reporter-output>
        </test-method> <!-- initializePage -->
        <test-method signature="TestUsingJavascriptFunction()[pri:0, instance:AdvancedExercises@5a56cdac]" started-at="2024-04-15T20:23:07 CEST" name="TestUsingJavascriptFunction" finished-at="2024-04-15T20:23:08 CEST" duration-ms="892" status="PASS">
          <reporter-output>
          </reporter-output>
        </test-method> <!-- TestUsingJavascriptFunction -->
        <test-method is-config="true" signature="quit()[pri:0, instance:AdvancedExercises@5a56cdac]" started-at="2024-04-15T20:23:08 CEST" name="quit" finished-at="2024-04-15T20:23:08 CEST" duration-ms="127" status="PASS">
          <reporter-output>
          </reporter-output>
        </test-method> <!-- quit -->
      </class> <!-- AdvancedExercises -->
    </test> <!-- JavascriptExercise -->
  </suite> <!-- Suite -->
</testng-results>
